\BOOKMARK [0][-]{chapter.1}{\376\377\004\027\004\060\004\062\004\064\004\060\004\075\004\075\004\117\000\040\0001}{}% 1
\BOOKMARK [1][-]{section.1.1}{\376\377\004\040\004\117\004\064\004\070\000\040\004\100\004\076\004\067\004\077\004\076\004\064\004\126\004\073\004\103\000\040\004\072\004\076\004\076\004\100\004\064\004\070\004\075\004\060\004\102\000\040\0001\000\040\004\102\004\060\000\040\0002}{chapter.1}% 2
\BOOKMARK [1][-]{section.1.2}{\376\377\004\044\004\103\004\075\004\072\004\106\004\126\004\127\000\040\004\100\004\076\004\067\004\077\004\076\004\064\004\126\004\073\004\103\000\040\000F\0001\000\050\000x\000\051\000\040\004\126\000\040\000F\0002\000\050\000y\000\051\000\040\004\102\004\060\000\040\004\127\004\105\000\040\004\063\004\100\004\060\004\104\004\126\004\072\004\070}{chapter.1}% 3
\BOOKMARK [1][-]{section.1.3}{\376\377\004\044\004\103\004\075\004\072\004\106\004\126\004\117\000\040\004\100\004\076\004\067\004\077\004\076\004\064\004\126\004\073\004\103\000\040\000F\000\050\000x\000,\000\040\000y\000\051\000\040\004\062\004\070\004\077\004\060\004\064\004\072\004\076\004\062\004\076\004\063\004\076\000\040\004\062\004\065\004\072\004\102\004\076\004\100\004\060}{chapter.1}% 4
\BOOKMARK [1][-]{section.1.4}{\376\377\004\034\004\060\004\102\004\065\004\074\004\060\004\102\004\070\004\107\004\075\004\126\000\040\004\101\004\077\004\076\004\064\004\126\004\062\004\060\004\075\004\075\004\117\000\040\004\072\004\076\004\076\004\100\004\064\004\070\004\075\004\060\004\102\000\040\004\102\004\060\000\040\004\072\004\076\004\100\004\065\004\073\004\117\004\106\004\126\004\071\004\075\004\060\000\040\004\074\004\060\004\102\004\100\004\070\004\106\004\117}{chapter.1}% 5
\BOOKMARK [1][-]{section.1.5}{\376\377\004\043\004\074\004\076\004\062\004\075\004\126\000\040\004\100\004\117\004\064\004\070\000\040\004\100\004\076\004\067\004\077\004\076\004\064\004\126\004\073\004\103}{chapter.1}% 6
\BOOKMARK [1][-]{section.1.6}{\376\377\004\043\004\074\004\076\004\062\004\075\004\126\000\040\004\074\004\060\004\102\004\065\004\074\004\060\004\102\004\070\004\107\004\075\004\126\000\040\004\101\004\077\004\076\004\064\004\126\004\062\004\060\004\075\004\075\004\117}{chapter.1}% 7
\BOOKMARK [0][-]{chapter.2}{\376\377\004\027\004\060\004\062\004\064\004\060\004\075\004\075\004\117\000\040\0002}{}% 8
\BOOKMARK [1][-]{section.2.1}{\376\377\004\051\004\126\004\073\004\114\004\075\004\076\004\101\004\102\004\126\000\040\004\100\004\076\004\067\004\077\004\076\004\064\004\126\004\073\004\103\000\040\004\072\004\076\004\076\004\100\004\064\004\070\004\075\004\060\004\102\000\040\0001\000\040\004\102\004\060\000\040\0002}{chapter.2}% 9
\BOOKMARK [1][-]{section.2.2}{\376\377\004\044\004\103\004\075\004\072\004\106\004\126\004\127\000\040\004\100\004\076\004\067\004\077\004\076\004\064\004\126\004\073\004\103\000\040\004\072\004\076\004\076\004\100\004\064\004\070\004\075\004\060\004\102\004\070\000\040\0001\000\040\004\102\004\060\000\040\0002}{chapter.2}% 10
\BOOKMARK [1][-]{section.2.3}{\376\377\004\041\004\103\004\074\004\126\004\101\004\075\004\060\000\040\004\104\004\103\004\075\004\072\004\106\004\126\004\117\000\040\004\100\004\076\004\067\004\077\004\076\004\064\004\126\004\073\004\103\000\040\004\062\004\070\004\077\004\060\004\064\004\072\004\076\004\062\004\076\004\063\004\076\000\040\004\062\004\065\004\072\004\102\004\076\004\100\004\060\000\040}{chapter.2}% 11
\BOOKMARK [2][-]{subsection.2.3.1}{\376\377\000\040\000\050\000x\000,\000\040\000y\000\051\000\040\000D\0000\000\040}{section.2.3}% 12
\BOOKMARK [2][-]{subsection.2.3.2}{\376\377\000\050\000x\000,\000\040\000y\000\051\000\040\000D\0001\000\040}{section.2.3}% 13
\BOOKMARK [2][-]{subsection.2.3.3}{\376\377\000\050\000x\000,\000\040\000y\000\051\000\040\000D\0002\000\040}{section.2.3}% 14
\BOOKMARK [2][-]{subsection.2.3.4}{\376\377\000\050\000x\000,\000\040\000y\000\051\000\040\000D\0003\000\040}{section.2.3}% 15
\BOOKMARK [2][-]{subsection.2.3.5}{\376\377\000\050\000x\000,\000\040\000y\000\051\000\040\000D\0004\000\040}{section.2.3}% 16
\BOOKMARK [2][-]{subsection.2.3.6}{\376\377\000\050\000x\000,\000\040\000y\000\051\000\040\000D\0005}{section.2.3}% 17
\BOOKMARK [2][-]{subsection.2.3.7}{\376\377\000\050\000x\000,\000\040\000y\000\051\000\040\000D\0006}{section.2.3}% 18
\BOOKMARK [2][-]{subsection.2.3.8}{\376\377\000\050\000x\000,\000\040\000y\000\051\000\040\000D\0007}{section.2.3}% 19
\BOOKMARK [2][-]{subsection.2.3.9}{\376\377\000\050\000x\000,\000\040\000y\000\051\000\040\000D\0008}{section.2.3}% 20
\BOOKMARK [2][-]{subsection.2.3.10}{\376\377\000\050\000x\000,\000\040\000y\000\051\000\040\000D\0009}{section.2.3}% 21
\BOOKMARK [1][-]{section.2.4}{\376\377\004\034\004\060\004\102\004\065\004\074\004\060\004\102\004\070\004\107\004\075\004\126\000\040\004\101\004\077\004\076\004\064\004\126\004\062\004\060\004\075\004\075\004\117\000\040\004\072\004\076\004\076\004\100\004\064\004\070\004\075\004\060\004\102\000.\000\040\004\032\004\076\004\062\004\060\004\100\004\126\004\060\004\106\004\126\004\071\004\075\004\060\000\040\004\074\004\060\004\102\004\100\004\070\004\106\004\117}{chapter.2}% 22
\BOOKMARK [1][-]{section.2.5}{\376\377\004\043\004\074\004\076\004\062\004\075\004\126\000\040\004\111\004\126\004\073\004\114\004\075\004\076\004\101\004\102\004\126\000\040\004\100\004\076\004\067\004\077\004\076\004\064\004\126\004\073\004\103\000\040\004\064\004\073\004\117\000\040\004\072\004\076\004\066\004\075\004\076\004\127\000\040\004\072\004\076\004\076\004\100\004\064\004\070\004\075\004\060\004\102\004\070}{chapter.2}% 23
\BOOKMARK [1][-]{section.2.6}{\376\377\004\043\004\074\004\076\004\062\004\075\004\126\000\040\004\074\004\060\004\102\004\065\004\074\004\060\004\102\004\070\004\107\004\075\004\126\000\040\004\101\004\077\004\076\004\064\004\126\004\062\004\060\004\075\004\075\004\117\000\040\004\064\004\073\004\117\000\040\004\072\004\076\004\066\004\075\004\076\004\127\000\040\004\072\004\076\004\076\004\100\004\064\004\070\004\075\004\060\004\102\004\070}{chapter.2}% 24
